Build started 23.11.2025 0:40:45.
     1>Project "C:\Development\Eco.Lab1\AssemblyFiles\Windows\VisualStudio_10\Eco.Lab1UnitTest.vcxproj" on node 2 (build target(s)).
     1>InitializeBuildStatus:
         Touching "Eco.Lab1UnitTest\Static_Debug\Eco.Lab1UnitTest.unsuccessfulbuild".
       ClCompile:
         All outputs are up-to-date.
     1>C:\Program Files (x86)\MSBuild\Microsoft.Cpp\v4.0\Microsoft.CppBuild.targets(990,5): warning MSB8012: TargetPath(C:\Development\Eco.Lab1\AssemblyFiles\Windows\VisualStudio_10\Eco.Lab1UnitTest\Static_Debug\Eco.Lab1UnitTest.dll) does not match the Linker's OutputFile property value (C:\Development\Eco.Lab1\BuildFiles\Windows\x86\Static_Debug\Eco.Lab1UnitTest.dll). This may cause your project to build incorrectly. To correct this, please make sure that $(OutDir), $(TargetName) and $(TargetExt) property values match the value specified in %(Link.OutputFile).
       Link:
         C:\Program Files (x86)\Microsoft Visual Studio 10.0\VC\bin\link.exe /ERRORREPORT:PROMPT /OUT:"..\..\..\BuildFiles\Windows\x86\Static_Debug\Eco.Lab1UnitTest.dll" /INCREMENTAL:NO /NOLOGO /LIBPATH:..\..\..\BuildFiles\Windows\x86\Static_Debug\ /LIBPATH:C:\Development\Eco.Framework\Eco.InterfaceBus1\BuildFiles\Windows\x86\StaticRelease\ /LIBPATH:C:\Development\Eco.Framework\Eco.System1\BuildFiles\Windows\x86\StaticRelease\ /LIBPATH:C:\Development\Eco.Framework\Eco.MemoryManager1\BuildFiles\Windows\x86\StaticRelease\ /LIBPATH:C:\Development\Eco.Framework\Eco.FileSystemManagement1\BuildFiles\Windows\x86\StaticRelease\ 1F5DF16EE1BF43B999A434ED38FE8F3A.lib 00000000000000000000000042757331.lib 0000000000000000000000004D656D31.lib 00000000000000000000000046534D31.lib 00000000000000000000000053595332.lib kernel32.lib user32.lib gdi32.lib winspool.lib comdlg32.lib advapi32.lib shell32.lib ole32.lib oleaut32.lib uuid.lib odbc32.lib odbccp32.lib /MANIFEST /ManifestFile:"Eco.Lab1UnitTest\Static_Debug\Eco.Lab1UnitTest.dll.intermediate.manifest" /MANIFESTUAC:"level='asInvoker' uiAccess='false'" /DEBUG /PDB:"C:\Development\Eco.Lab1\AssemblyFiles\Windows\VisualStudio_10\Eco.Lab1UnitTest\Static_Debug\Eco.Lab1UnitTest.pdb" /SUBSYSTEM:CONSOLE /TLBID:1 /DYNAMICBASE /NXCOMPAT /IMPLIB:"C:\Development\Eco.Lab1\AssemblyFiles\Windows\VisualStudio_10\Eco.Lab1UnitTest\Static_Debug\Eco.Lab1UnitTest.lib" /MACHINE:X86 /DLL Eco.Lab1UnitTest\Static_Debug\EcoLab1.obj
     1>LINK : fatal error LNK1181: cannot open input file '1F5DF16EE1BF43B999A434ED38FE8F3A.lib'
     1>Done Building Project "C:\Development\Eco.Lab1\AssemblyFiles\Windows\VisualStudio_10\Eco.Lab1UnitTest.vcxproj" (build target(s)) -- FAILED.

Build FAILED.

Time Elapsed 00:00:00.17
